<?xml version="1.0" encoding="UTF-8"?>
<!-- Generated by org.testng.reporters.JUnitReportReporter -->
<testsuite skipped="0" hostname="JyothiCyril" name="com.qa.testscripts.TC_GET_001" tests="1" failures="0" timestamp="2022-05-01T20:03:27 IST" time="2.118" errors="0">
  <testcase name="Get_001" time="2.118" classname="com.qa.testscripts.TC_GET_001"/>
  <system-out/>
</testsuite> <!-- com.qa.testscripts.TC_GET_001 -->
