<?xml version="1.0" encoding="UTF-8"?>
<!-- Generated by org.testng.reporters.JUnitReportReporter -->
<testsuite skipped="0" hostname="JyothiCyril" name="com.qa.testscripts.TC_PUT_005" tests="2" failures="0" timestamp="2022-05-01T21:04:28 IST" time="4.227" errors="0">
  <testcase name="putDemo" time="3.024" classname="com.qa.testscripts.TC_PUT_005"/>
  <system-out/>
  <testcase name="patchDemo" time="1.203" classname="com.qa.testscripts.TC_PUT_005"/>
  <system-out/>
</testsuite> <!-- com.qa.testscripts.TC_PUT_005 -->
