<?xml version="1.0" encoding="UTF-8"?>
<!-- Generated by org.testng.reporters.JUnitReportReporter -->
<testsuite skipped="0" hostname="JyothiCyril" name="com.qa.testscripts.TC_POST_003" tests="1" failures="0" timestamp="2022-05-01T20:28:49 IST" time="2.454" errors="0">
  <testcase name="post_Demo" time="2.454" classname="com.qa.testscripts.TC_POST_003"/>
  <system-out/>
</testsuite> <!-- com.qa.testscripts.TC_POST_003 -->
