<?xml version="1.0" encoding="UTF-8"?>
<!-- Generated by org.testng.reporters.JUnitReportReporter -->
<testsuite skipped="0" hostname="JyothiCyril" name="com.qa.testscripts.TC_GET_002" tests="1" failures="0" timestamp="2022-05-01T20:14:46 IST" time="3.226" errors="0">
  <testcase name="get_BDD_Demo" time="3.226" classname="com.qa.testscripts.TC_GET_002"/>
  <system-out/>
</testsuite> <!-- com.qa.testscripts.TC_GET_002 -->
