<?xml version="1.0" encoding="UTF-8"?>
<!-- Generated by org.testng.reporters.JUnitReportReporter -->
<testsuite skipped="0" hostname="JyothiCyril" name="com.qa.testscripts.TC_DELETE_004" tests="1" failures="0" timestamp="2022-05-01T20:57:42 IST" time="3.330" errors="0">
  <testcase name="delete_Demo" time="3.330" classname="com.qa.testscripts.TC_DELETE_004"/>
  <system-out/>
</testsuite> <!-- com.qa.testscripts.TC_DELETE_004 -->
